<?xml version="1.0" encoding="UTF-8"?>
<testng-results ignored="0" total="1" passed="1" failed="0" skipped="0">
  <reporter-output>
  </reporter-output>
  <suite started-at="2024-08-21T23:53:52 IST" name="Default suite" finished-at="2024-08-21T23:54:05 IST" duration-ms="12483">
    <groups>
    </groups>
    <test started-at="2024-08-21T23:53:52 IST" name="Default test" finished-at="2024-08-21T23:54:05 IST" duration-ms="12483">
      <class name="demo_assignment.google">
        <test-method is-config="true" signature="bt()[pri:0, instance:demo_assignment.google@bae7dc0]" started-at="2024-08-21T23:53:52 IST" name="bt" finished-at="2024-08-21T23:53:58 IST" duration-ms="5424" status="PASS">
          <reporter-output>
          </reporter-output>
        </test-method> <!-- bt -->
        <test-method signature="searchfield()[pri:0, instance:demo_assignment.google@bae7dc0]" started-at="2024-08-21T23:53:58 IST" name="searchfield" finished-at="2024-08-21T23:54:04 IST" duration-ms="6737" status="PASS">
          <reporter-output>
          </reporter-output>
        </test-method> <!-- searchfield -->
        <test-method is-config="true" signature="at()[pri:0, instance:demo_assignment.google@bae7dc0]" started-at="2024-08-21T23:54:04 IST" name="at" finished-at="2024-08-21T23:54:05 IST" duration-ms="253" status="PASS">
          <reporter-output>
          </reporter-output>
        </test-method> <!-- at -->
      </class> <!-- demo_assignment.google -->
    </test> <!-- Default test -->
  </suite> <!-- Default suite -->
</testng-results>
